<?xml version="1.0" encoding="UTF-8"?>
<testng-results ignored="0" total="10" passed="10" failed="0" skipped="0">
  <reporter-output>
  </reporter-output>
  <suite started-at="2024-07-09T13:19:46Z" name="Default suite" finished-at="2024-07-09T13:20:47Z" duration-ms="60461">
    <groups>
      <group name="cucumber">
        <method signature="AbstractTestNGCucumberTests.runScenario(cucumber.api.testng.PickleEventWrapper, cucumber.api.testng.CucumberFeatureWrapper)[pri:0, instance:TestRunner.Runner@338fc1d8]" name="runScenario" class="cucumber.api.testng.AbstractTestNGCucumberTests"/>
      </group> <!-- cucumber -->
    </groups>
    <test started-at="2024-07-09T13:19:46Z" name="Default test" finished-at="2024-07-09T13:20:47Z" duration-ms="60461">
      <class name="TestRunner.Runner">
        <test-method is-config="true" signature="setUpClass()[pri:0, instance:TestRunner.Runner@338fc1d8]" started-at="2024-07-09T13:19:46Z" name="setUpClass" finished-at="2024-07-09T13:19:46Z" duration-ms="234" status="PASS">
          <reporter-output>
          </reporter-output>
        </test-method> <!-- setUpClass -->
        <test-method signature="runScenario(cucumber.api.testng.PickleEventWrapper, cucumber.api.testng.CucumberFeatureWrapper)[pri:0, instance:TestRunner.Runner@338fc1d8]" started-at="2024-07-09T13:19:46Z" name="runScenario" description="Runs Cucumber Scenarios" data-provider="scenarios" finished-at="2024-07-09T13:19:53Z" duration-ms="6280" status="PASS">
          <params>
            <param index="0">
              <value>
                <![CDATA["Login should be successful"]]>
              </value>
            </param>
            <param index="1">
              <value>
                <![CDATA["Demo Web Shop"]]>
              </value>
            </param>
          </params>
          <reporter-output>
          </reporter-output>
        </test-method> <!-- runScenario -->
        <test-method signature="runScenario(cucumber.api.testng.PickleEventWrapper, cucumber.api.testng.CucumberFeatureWrapper)[pri:0, instance:TestRunner.Runner@338fc1d8]" started-at="2024-07-09T13:19:53Z" name="runScenario" description="Runs Cucumber Scenarios" data-provider="scenarios" finished-at="2024-07-09T13:19:58Z" duration-ms="5103" status="PASS">
          <params>
            <param index="0">
              <value>
                <![CDATA["Login should fail due to wrong email and password"]]>
              </value>
            </param>
            <param index="1">
              <value>
                <![CDATA["Demo Web Shop"]]>
              </value>
            </param>
          </params>
          <reporter-output>
          </reporter-output>
        </test-method> <!-- runScenario -->
        <test-method signature="runScenario(cucumber.api.testng.PickleEventWrapper, cucumber.api.testng.CucumberFeatureWrapper)[pri:0, instance:TestRunner.Runner@338fc1d8]" started-at="2024-07-09T13:19:58Z" name="runScenario" description="Runs Cucumber Scenarios" data-provider="scenarios" finished-at="2024-07-09T13:20:02Z" duration-ms="4622" status="PASS">
          <params>
            <param index="0">
              <value>
                <![CDATA["Login should fail due to wrong email"]]>
              </value>
            </param>
            <param index="1">
              <value>
                <![CDATA["Demo Web Shop"]]>
              </value>
            </param>
          </params>
          <reporter-output>
          </reporter-output>
        </test-method> <!-- runScenario -->
        <test-method signature="runScenario(cucumber.api.testng.PickleEventWrapper, cucumber.api.testng.CucumberFeatureWrapper)[pri:0, instance:TestRunner.Runner@338fc1d8]" started-at="2024-07-09T13:20:02Z" name="runScenario" description="Runs Cucumber Scenarios" data-provider="scenarios" finished-at="2024-07-09T13:20:08Z" duration-ms="5427" status="PASS">
          <params>
            <param index="0">
              <value>
                <![CDATA["Login should fail due to the wrong password"]]>
              </value>
            </param>
            <param index="1">
              <value>
                <![CDATA["Demo Web Shop"]]>
              </value>
            </param>
          </params>
          <reporter-output>
          </reporter-output>
        </test-method> <!-- runScenario -->
        <test-method signature="runScenario(cucumber.api.testng.PickleEventWrapper, cucumber.api.testng.CucumberFeatureWrapper)[pri:0, instance:TestRunner.Runner@338fc1d8]" started-at="2024-07-09T13:20:08Z" name="runScenario" description="Runs Cucumber Scenarios" data-provider="scenarios" finished-at="2024-07-09T13:20:13Z" duration-ms="4935" status="PASS">
          <params>
            <param index="0">
              <value>
                <![CDATA["Login should fail due to the both email and password as empty"]]>
              </value>
            </param>
            <param index="1">
              <value>
                <![CDATA["Demo Web Shop"]]>
              </value>
            </param>
          </params>
          <reporter-output>
          </reporter-output>
        </test-method> <!-- runScenario -->
        <test-method signature="runScenario(cucumber.api.testng.PickleEventWrapper, cucumber.api.testng.CucumberFeatureWrapper)[pri:0, instance:TestRunner.Runner@338fc1d8]" started-at="2024-07-09T13:20:13Z" name="runScenario" description="Runs Cucumber Scenarios" data-provider="scenarios" finished-at="2024-07-09T13:20:19Z" duration-ms="6435" status="PASS">
          <params>
            <param index="0">
              <value>
                <![CDATA["Register should be successful"]]>
              </value>
            </param>
            <param index="1">
              <value>
                <![CDATA["Demo Web Shop"]]>
              </value>
            </param>
          </params>
          <reporter-output>
          </reporter-output>
        </test-method> <!-- runScenario -->
        <test-method signature="runScenario(cucumber.api.testng.PickleEventWrapper, cucumber.api.testng.CucumberFeatureWrapper)[pri:0, instance:TestRunner.Runner@338fc1d8]" started-at="2024-07-09T13:20:19Z" name="runScenario" description="Runs Cucumber Scenarios" data-provider="scenarios" finished-at="2024-07-09T13:20:24Z" duration-ms="4850" status="PASS">
          <params>
            <param index="0">
              <value>
                <![CDATA["Register should fail due to wrong email"]]>
              </value>
            </param>
            <param index="1">
              <value>
                <![CDATA["Demo Web Shop"]]>
              </value>
            </param>
          </params>
          <reporter-output>
          </reporter-output>
        </test-method> <!-- runScenario -->
        <test-method signature="runScenario(cucumber.api.testng.PickleEventWrapper, cucumber.api.testng.CucumberFeatureWrapper)[pri:0, instance:TestRunner.Runner@338fc1d8]" started-at="2024-07-09T13:20:24Z" name="runScenario" description="Runs Cucumber Scenarios" data-provider="scenarios" finished-at="2024-07-09T13:20:29Z" duration-ms="4835" status="PASS">
          <params>
            <param index="0">
              <value>
                <![CDATA["Register should fail due to wrong password"]]>
              </value>
            </param>
            <param index="1">
              <value>
                <![CDATA["Demo Web Shop"]]>
              </value>
            </param>
          </params>
          <reporter-output>
          </reporter-output>
        </test-method> <!-- runScenario -->
        <test-method signature="runScenario(cucumber.api.testng.PickleEventWrapper, cucumber.api.testng.CucumberFeatureWrapper)[pri:0, instance:TestRunner.Runner@338fc1d8]" started-at="2024-07-09T13:20:29Z" name="runScenario" description="Runs Cucumber Scenarios" data-provider="scenarios" finished-at="2024-07-09T13:20:41Z" duration-ms="12565" status="PASS">
          <params>
            <param index="0">
              <value>
                <![CDATA["Register should fail due to both wrong email and password"]]>
              </value>
            </param>
            <param index="1">
              <value>
                <![CDATA["Demo Web Shop"]]>
              </value>
            </param>
          </params>
          <reporter-output>
          </reporter-output>
        </test-method> <!-- runScenario -->
        <test-method signature="runScenario(cucumber.api.testng.PickleEventWrapper, cucumber.api.testng.CucumberFeatureWrapper)[pri:0, instance:TestRunner.Runner@338fc1d8]" started-at="2024-07-09T13:20:41Z" name="runScenario" description="Runs Cucumber Scenarios" data-provider="scenarios" finished-at="2024-07-09T13:20:46Z" duration-ms="4900" status="PASS">
          <params>
            <param index="0">
              <value>
                <![CDATA["Register should fail due to both email and password being empty"]]>
              </value>
            </param>
            <param index="1">
              <value>
                <![CDATA["Demo Web Shop"]]>
              </value>
            </param>
          </params>
          <reporter-output>
          </reporter-output>
        </test-method> <!-- runScenario -->
        <test-method is-config="true" signature="tearDownClass()[pri:0, instance:TestRunner.Runner@338fc1d8]" started-at="2024-07-09T13:20:46Z" name="tearDownClass" finished-at="2024-07-09T13:20:47Z" duration-ms="233" status="PASS">
          <reporter-output>
          </reporter-output>
        </test-method> <!-- tearDownClass -->
      </class> <!-- TestRunner.Runner -->
    </test> <!-- Default test -->
  </suite> <!-- Default suite -->
</testng-results>
